<?xml version="1.0" encoding="UTF-8"?>
<testsuites name="jest tests" tests="1" failures="0" time="1.381">
  <testsuite name="placeholder test" errors="0" failures="0" skipped="0" timestamp="2020-09-19T08:07:10" time="0.553" tests="1">
    <testcase classname="placeholder test should return true" name="placeholder test should return true" time="0.003">
    </testcase>
  </testsuite>
</testsuites>